Arguments: 
  /usr/local/bin/node /usr/local/bin/yarn whoami

PATH: 
  /Users/matej.minar/bin:/usr/local/bin:/Users/matej.minar/.composer/vendor/bin:/usr/local/bin:/usr/bin:/bin:/usr/sbin:/sbin:/Users/matej.minar/Library/Android/sdk/tools:/Users/matej.minar/Library/Android/sdk/platform-tools:/Users/matej.minar/Web/spark-installer

Yarn version: 
  1.5.1

Node version: 
  9.4.0

Platform: 
  darwin x64

npm manifest: 
  {
    "name": "craftable",
    "version": "1.1.3",
    "description": "This is a frontend dependency for Craftable. Craftable is a Laravel-based open-source toolkit for building administration interfaces.",
    "main": "index.js",
    "scripts": {
      "test": "echo \"Error: no test specified\" && exit 1"
    },
    "repository": {
      "type": "git",
      "url": "git+https://github.com/BRACKETS-by-TRIAD/craftable-frontend.git"
    },
    "author": "Brackets",
    "license": "MIT",
    "bugs": {
      "url": "https://github.com/BRACKETS-by-TRIAD/craftable-frontend/issues"
    },
    "homepage": "https://github.com/BRACKETS-by-TRIAD/craftable-frontend#readme",
    "dependencies": {
      "axios": "^0.15.3",
      "jquery": "^3.1.1",
      "moment": "^2.18.1",
      "trumbowyg": "^2.10.0",
      "vee-validate": "^2.0.0-rc.13",
      "vue": "^2.3.4",
      "vue-cookie": "^1.1.4",
      "vue-flatpickr-component": "^2.4.1",
      "vue-js-modal": "^1.2.8",
      "vue-multiselect": "^2.0.2",
      "vue-notification": "^1.3.2",
      "vue-quill-editor": "^2.3.0",
      "vue-trumbowyg": "^3.3.0",
      "vue2-dropzone": "^2.3.5"
    }
  }

yarn manifest: 
  No manifest

Lockfile: 
  No lockfile

Trace: 
  Error: Command "whoami" not found.
      at new MessageError (/usr/local/lib/node_modules/yarn/lib/cli.js:186:110)
      at /usr/local/lib/node_modules/yarn/lib/cli.js:87307:17
      at Generator.next (<anonymous>)
      at step (/usr/local/lib/node_modules/yarn/lib/cli.js:98:30)
      at /usr/local/lib/node_modules/yarn/lib/cli.js:116:14
      at new Promise (<anonymous>)
      at new F (/usr/local/lib/node_modules/yarn/lib/cli.js:23451:28)
      at /usr/local/lib/node_modules/yarn/lib/cli.js:95:12
      at runCommand (/usr/local/lib/node_modules/yarn/lib/cli.js:87312:22)
      at Object.<anonymous> (/usr/local/lib/node_modules/yarn/lib/cli.js:87412:14)
